  assign3.cpp
assign3.cpp(154): warning C4996: 'stricmp': The POSIX name for this item is deprecated. Instead, use the ISO C and C++ conformant name: _stricmp. See online help for details.
  C:\Program Files (x86)\Windows Kits\10\Include\10.0.14393.0\ucrt\string.h(546): note: see declaration of 'stricmp'
assign3.cpp(156): warning C4101: 'error': unreferenced local variable
assign3.cpp(167): warning C4996: 'fscanf': This function or variable may be unsafe. Consider using fscanf_s instead. To disable deprecation, use _CRT_SECURE_NO_WARNINGS. See online help for details.
  C:\Program Files (x86)\Windows Kits\10\Include\10.0.14393.0\ucrt\stdio.h(1192): note: see declaration of 'fscanf'
assign3.cpp(169): warning C4996: 'fscanf': This function or variable may be unsafe. Consider using fscanf_s instead. To disable deprecation, use _CRT_SECURE_NO_WARNINGS. See online help for details.
  C:\Program Files (x86)\Windows Kits\10\Include\10.0.14393.0\ucrt\stdio.h(1192): note: see declaration of 'fscanf'
assign3.cpp(176): warning C4996: 'fscanf': This function or variable may be unsafe. Consider using fscanf_s instead. To disable deprecation, use _CRT_SECURE_NO_WARNINGS. See online help for details.
  C:\Program Files (x86)\Windows Kits\10\Include\10.0.14393.0\ucrt\stdio.h(1192): note: see declaration of 'fscanf'
assign3.cpp(178): warning C4996: 'fscanf': This function or variable may be unsafe. Consider using fscanf_s instead. To disable deprecation, use _CRT_SECURE_NO_WARNINGS. See online help for details.
  C:\Program Files (x86)\Windows Kits\10\Include\10.0.14393.0\ucrt\stdio.h(1192): note: see declaration of 'fscanf'
assign3.cpp(185): warning C4996: 'fscanf': This function or variable may be unsafe. Consider using fscanf_s instead. To disable deprecation, use _CRT_SECURE_NO_WARNINGS. See online help for details.
  C:\Program Files (x86)\Windows Kits\10\Include\10.0.14393.0\ucrt\stdio.h(1192): note: see declaration of 'fscanf'
assign3.cpp(187): warning C4996: 'fscanf': This function or variable may be unsafe. Consider using fscanf_s instead. To disable deprecation, use _CRT_SECURE_NO_WARNINGS. See online help for details.
  C:\Program Files (x86)\Windows Kits\10\Include\10.0.14393.0\ucrt\stdio.h(1192): note: see declaration of 'fscanf'
assign3.cpp(193): warning C4996: 'fopen': This function or variable may be unsafe. Consider using fopen_s instead. To disable deprecation, use _CRT_SECURE_NO_WARNINGS. See online help for details.
  C:\Program Files (x86)\Windows Kits\10\Include\10.0.14393.0\ucrt\stdio.h(207): note: see declaration of 'fopen'
assign3.cpp(200): warning C4996: 'fscanf': This function or variable may be unsafe. Consider using fscanf_s instead. To disable deprecation, use _CRT_SECURE_NO_WARNINGS. See online help for details.
  C:\Program Files (x86)\Windows Kits\10\Include\10.0.14393.0\ucrt\stdio.h(1192): note: see declaration of 'fscanf'
assign3.cpp(209): warning C4996: 'fscanf': This function or variable may be unsafe. Consider using fscanf_s instead. To disable deprecation, use _CRT_SECURE_NO_WARNINGS. See online help for details.
  C:\Program Files (x86)\Windows Kits\10\Include\10.0.14393.0\ucrt\stdio.h(1192): note: see declaration of 'fscanf'
assign3.cpp(211): warning C4996: 'stricmp': The POSIX name for this item is deprecated. Instead, use the ISO C and C++ conformant name: _stricmp. See online help for details.
  C:\Program Files (x86)\Windows Kits\10\Include\10.0.14393.0\ucrt\string.h(546): note: see declaration of 'stricmp'
assign3.cpp(233): warning C4996: 'stricmp': The POSIX name for this item is deprecated. Instead, use the ISO C and C++ conformant name: _stricmp. See online help for details.
  C:\Program Files (x86)\Windows Kits\10\Include\10.0.14393.0\ucrt\string.h(546): note: see declaration of 'stricmp'
assign3.cpp(250): warning C4996: 'stricmp': The POSIX name for this item is deprecated. Instead, use the ISO C and C++ conformant name: _stricmp. See online help for details.
  C:\Program Files (x86)\Windows Kits\10\Include\10.0.14393.0\ucrt\string.h(546): note: see declaration of 'stricmp'
assign3.cpp(203): warning C4101: 'str': unreferenced local variable
  Generating code
  3 of 78 functions ( 3.8%) were compiled, the rest were copied from previous compilation.
    0 functions were new in current compilation
    0 functions had inline decision re-evaluated but remain unchanged
  Finished generating code
  assign3.vcxproj -> C:\Users\chloe\Documents\CS420\assign3_starterCode_windowsVS2017\assign3\Release\assign3.exe
  assign3.vcxproj -> C:\Users\chloe\Documents\CS420\assign3_starterCode_windowsVS2017\assign3\Release\assign3.pdb (Full PDB)
